<?xml version="1.0" encoding="UTF-8"?>
<testsuite name="com.restful.booker.cucumber.CucumberRunner" time="1.199" tests="27" errors="0" skipped="0" failures="0">
  <properties>
    <property name="idea.version" value="2022.2.2"/>
    <property name="java.runtime.name" value="Java(TM) SE Runtime Environment"/>
    <property name="sun.boot.library.path" value="C:\Program Files\Java\jdk1.8.0_121\jre\bin"/>
    <property name="java.vm.version" value="25.121-b13"/>
    <property name="java.vm.vendor" value="Oracle Corporation"/>
    <property name="maven.multiModuleProjectDirectory" value="C:\Users\krupa\IdeaProjects\restful-booker-cucumber-bdd-project"/>
    <property name="java.vendor.url" value="http://java.oracle.com/"/>
    <property name="path.separator" value=";"/>
    <property name="guice.disable.misplaced.annotation.check" value="true"/>
    <property name="java.vm.name" value="Java HotSpot(TM) 64-Bit Server VM"/>
    <property name="file.encoding.pkg" value="sun.io"/>
    <property name="user.script" value=""/>
    <property name="user.country" value="GB"/>
    <property name="sun.java.launcher" value="SUN_STANDARD"/>
    <property name="sun.os.patch.level" value=""/>
    <property name="java.vm.specification.name" value="Java Virtual Machine Specification"/>
    <property name="user.dir" value="C:\Users\krupa\IdeaProjects\restful-booker-cucumber-bdd-project"/>
    <property name="java.runtime.version" value="1.8.0_121-b13"/>
    <property name="java.awt.graphicsenv" value="sun.awt.Win32GraphicsEnvironment"/>
    <property name="java.endorsed.dirs" value="C:\Program Files\Java\jdk1.8.0_121\jre\lib\endorsed"/>
    <property name="os.arch" value="amd64"/>
    <property name="java.io.tmpdir" value="C:\Users\krupa\AppData\Local\Temp\"/>
    <property name="line.separator" value="&#10;"/>
    <property name="java.vm.specification.vendor" value="Oracle Corporation"/>
    <property name="user.variant" value=""/>
    <property name="os.name" value="Windows 10"/>
    <property name="maven.ext.class.path" value="C:\Program Files\JetBrains\IntelliJ IDEA Community Edition 2022.2.2\plugins\maven\lib\maven-event-listener.jar"/>
    <property name="classworlds.conf" value="C:\Program Files\JetBrains\IntelliJ IDEA Community Edition 2022.2.2\plugins\maven\lib\maven3\bin\m2.conf"/>
    <property name="sun.jnu.encoding" value="Cp1252"/>
    <property name="java.library.path" value="C:\Program Files\Java\jdk1.8.0_121\bin;C:\WINDOWS\Sun\Java\bin;C:\WINDOWS\system32;C:\WINDOWS;C:\ProgramData\Oracle\Java\javapath;C:\Program Files\Python38\Scripts\;C:\Program Files\Python38\;C:\Program Files\Python37\Scripts\;C:\Program Files\Python37\;C:\Program Files (x86)\Intel\Intel(R) Management Engine Components\iCLS\;C:\Program Files\Intel\Intel(R) Management Engine Components\iCLS\;C:\Windows\system32;C:\Windows;C:\Windows\System32\Wbem;C:\Windows\System32\WindowsPowerShell\v1.0\;C:\Windows\System32\OpenSSH\;C:\Program Files (x86)\Intel\Intel(R) Management Engine Components\DAL;C:\Program Files\Intel\Intel(R) Management Engine Components\DAL;C:\Program Files (x86)\Intel\Intel(R) Management Engine Components\IPT;C:\Program Files\Intel\Intel(R) Management Engine Components\IPT;C:\Program Files (x86)\NVIDIA Corporation\PhysX\Common;C:\Program Files\Intel\WiFi\bin\;C:\Program Files\Common Files\Intel\WirelessCommon\;C:\Program Files\IBM\SPSS\Statistics\25\JRE\bin;C:\WINDOWS\system32;C:\WINDOWS;C:\WINDOWS\System32\Wbem;C:\WINDOWS\System32\WindowsPowerShell\v1.0\;C:\WINDOWS\System32\OpenSSH\;C:\Program Files\Java\jdk1.8.0_121\bin;C:\Program Files\Git\cmd;C:\Program Files\Apache\apache-maven-3.8.6\bin;C:\Program Files\nodejs\;C:\Users\krupa\AppData\Local\Programs\Python\Python310\Scripts\;C:\Users\krupa\AppData\Local\Programs\Python\Python310\;C:\Users\krupa\AppData\Local\Microsoft\WindowsApps;;C:\Users\krupa\Maharshi PythonProjects\PyCharm Edu 2019.3.4\bin;;C:\Users\krupa\AppData\Local\Programs\Microsoft VS Code\bin;C:\Users\krupa\AppData\Roaming\npm;."/>
    <property name="maven.conf" value="C:\Program Files\JetBrains\IntelliJ IDEA Community Edition 2022.2.2\plugins\maven\lib\maven3/conf"/>
    <property name="java.specification.name" value="Java Platform API Specification"/>
    <property name="java.class.version" value="52.0"/>
    <property name="sun.management.compiler" value="HotSpot 64-Bit Tiered Compilers"/>
    <property name="os.version" value="10.0"/>
    <property name="user.home" value="C:\Users\krupa"/>
    <property name="user.timezone" value="Europe/London"/>
    <property name="java.awt.printerjob" value="sun.awt.windows.WPrinterJob"/>
    <property name="java.specification.version" value="1.8"/>
    <property name="file.encoding" value="UTF-8"/>
    <property name="user.name" value="Krupa"/>
    <property name="java.class.path" value="C:\Program Files\JetBrains\IntelliJ IDEA Community Edition 2022.2.2\plugins\maven\lib\maven3\boot\plexus-classworlds-2.6.0.jar;C:\Program Files\JetBrains\IntelliJ IDEA Community Edition 2022.2.2\plugins\maven\lib\maven3\boot\plexus-classworlds.license;C:\Program Files\JetBrains\IntelliJ IDEA Community Edition 2022.2.2\lib\idea_rt.jar"/>
    <property name="java.vm.specification.version" value="1.8"/>
    <property name="sun.arch.data.model" value="64"/>
    <property name="java.home" value="C:\Program Files\Java\jdk1.8.0_121\jre"/>
    <property name="sun.java.command" value="org.codehaus.classworlds.Launcher -Didea.version=2022.2.2 clean verify serenity:aggregate"/>
    <property name="java.specification.vendor" value="Oracle Corporation"/>
    <property name="user.language" value="en"/>
    <property name="awt.toolkit" value="sun.awt.windows.WToolkit"/>
    <property name="java.vm.info" value="mixed mode"/>
    <property name="java.version" value="1.8.0_121"/>
    <property name="java.ext.dirs" value="C:\Program Files\Java\jdk1.8.0_121\jre\lib\ext;C:\WINDOWS\Sun\Java\lib\ext"/>
    <property name="sun.boot.class.path" value="C:\Program Files\Java\jdk1.8.0_121\jre\lib\resources.jar;C:\Program Files\Java\jdk1.8.0_121\jre\lib\rt.jar;C:\Program Files\Java\jdk1.8.0_121\jre\lib\sunrsasign.jar;C:\Program Files\Java\jdk1.8.0_121\jre\lib\jsse.jar;C:\Program Files\Java\jdk1.8.0_121\jre\lib\jce.jar;C:\Program Files\Java\jdk1.8.0_121\jre\lib\charsets.jar;C:\Program Files\Java\jdk1.8.0_121\jre\lib\jfr.jar;C:\Program Files\Java\jdk1.8.0_121\jre\classes"/>
    <property name="java.vendor" value="Oracle Corporation"/>
    <property name="maven.home" value="C:\Program Files\JetBrains\IntelliJ IDEA Community Edition 2022.2.2\plugins\maven\lib\maven3"/>
    <property name="file.separator" value="\"/>
    <property name="java.vendor.url.bug" value="http://bugreport.sun.com/bugreport/"/>
    <property name="sun.cpu.endian" value="little"/>
    <property name="sun.io.unicode.encoding" value="UnicodeLittle"/>
    <property name="sun.desktop" value="windows"/>
    <property name="sun.cpu.isalist" value="amd64"/>
  </properties>
  <testcase name="When I create a new booking with firstName&quot;Kajal&quot;, lastName&quot;Patel&quot;, totalprice &quot;200&quot;, depositpaid &quot;true&quot;, checkin &quot;2023-11-01&quot;, checkout&quot;2023-11-05&quot; additionalneeds &quot;Lunch&quot;" classname="| Kajal | Patel | 200 | true | 2023-11-01 | 2023-11-05 | Lunch |" time="0.002"/>
  <testcase name="Then I verify that new booking is created" classname="| Kajal | Patel | 200 | true | 2023-11-01 | 2023-11-05 | Lunch |" time="0.002"/>
  <testcase name="And I update request with firstName&quot;Kajal&quot;, lastName&quot;Patel&quot;, totalprice &quot;200&quot;, depositpaid &quot;true&quot;, checkin &quot;2023-11-01&quot;, checkout&quot;2023-11-05&quot; additionalneeds &quot;Lunch&quot;" classname="| Kajal | Patel | 200 | true | 2023-11-01 | 2023-11-05 | Lunch |" time="0"/>
  <testcase name="And The price &quot;200&quot; is successfully updated" classname="| Kajal | Patel | 200 | true | 2023-11-01 | 2023-11-05 | Lunch |" time="0"/>
  <testcase name="And I send delete booking request" classname="| Kajal | Patel | 200 | true | 2023-11-01 | 2023-11-05 | Lunch |" time="0"/>
  <testcase name="Then The booking is successfully deleted" classname="| Kajal | Patel | 200 | true | 2023-11-01 | 2023-11-05 | Lunch |" time="0"/>
  <testcase name="| Kajal | Patel | 200 | true | 2023-11-01 | 2023-11-05 | Lunch |" classname="| Kajal | Patel | 200 | true | 2023-11-01 | 2023-11-05 | Lunch |" time="0.006"/>
  <testcase name="When I create a new booking with firstName&quot;Jiyal&quot;, lastName&quot;Patel&quot;, totalprice &quot;100&quot;, depositpaid &quot;false&quot;, checkin &quot;2023-10-11&quot;, checkout&quot;2023-10-21&quot; additionalneeds &quot;Dinner&quot;" classname="| Jiyal | Patel | 100 | false | 2023-10-11 | 2023-10-21 | Dinner |" time="0"/>
  <testcase name="Then I verify that new booking is created" classname="| Jiyal | Patel | 100 | false | 2023-10-11 | 2023-10-21 | Dinner |" time="0"/>
  <testcase name="And I update request with firstName&quot;Jiyal&quot;, lastName&quot;Patel&quot;, totalprice &quot;100&quot;, depositpaid &quot;false&quot;, checkin &quot;2023-10-11&quot;, checkout&quot;2023-10-21&quot; additionalneeds &quot;Dinner&quot;" classname="| Jiyal | Patel | 100 | false | 2023-10-11 | 2023-10-21 | Dinner |" time="0"/>
  <testcase name="And The price &quot;100&quot; is successfully updated" classname="| Jiyal | Patel | 100 | false | 2023-10-11 | 2023-10-21 | Dinner |" time="0"/>
  <testcase name="And I send delete booking request" classname="| Jiyal | Patel | 100 | false | 2023-10-11 | 2023-10-21 | Dinner |" time="0"/>
  <testcase name="Then The booking is successfully deleted" classname="| Jiyal | Patel | 100 | false | 2023-10-11 | 2023-10-21 | Dinner |" time="0"/>
  <testcase name="| Jiyal | Patel | 100 | false | 2023-10-11 | 2023-10-21 | Dinner |" classname="| Jiyal | Patel | 100 | false | 2023-10-11 | 2023-10-21 | Dinner |" time="0.978"/>
  <testcase name="When I send a GET request" classname="Scenario: Verify if user can access the booking" time="0"/>
  <testcase name="Then I must get a valid response code 200" classname="Scenario: Verify if user can access the booking" time="0"/>
  <testcase name="Scenario: Verify if user can access the booking" classname="Scenario: Verify if user can access the booking" time="0"/>
  <testcase name="When I send a request to create a new booking with firstName&quot;Kajal&quot;, lastName&quot;Kajal&quot;, totalprice &quot;100&quot;, depositpaid &quot;true&quot;, checkin &quot;2023-11-01&quot;, checkout&quot;2023-11-05&quot; additionalneeds &quot;Breakfast and Lunch&quot;" classname="| Kajal | Kajal | 100 | true | 2023-11-01 | 2023-11-05 | Breakfast and Lunch |" time="0"/>
  <testcase name="Then I must get back a valid response code 201" classname="| Kajal | Kajal | 100 | true | 2023-11-01 | 2023-11-05 | Breakfast and Lunch |" time="0.001"/>
  <testcase name="And I verify that new booking is created by &quot;id&quot;" classname="| Kajal | Kajal | 100 | true | 2023-11-01 | 2023-11-05 | Breakfast and Lunch |" time="0"/>
  <testcase name="| Kajal | Kajal | 100 | true | 2023-11-01 | 2023-11-05 | Breakfast and Lunch |" classname="| Kajal | Kajal | 100 | true | 2023-11-01 | 2023-11-05 | Breakfast and Lunch |" time="0.088"/>
  <testcase name="When I update a request with firstName&quot;&lt;firstName&gt;&quot;, lastName&quot;&lt;lastName&gt;&quot;, totalprice &quot;&lt;totalprice&gt;&quot;, depositpaid &quot;&lt;depositpaid&gt;&quot;, checkin &quot;&lt;checkin&gt;&quot;, checkout&quot;&lt;checkout&gt;&quot; additionalneeds &quot;&lt;additionalneeds&gt;&quot;" classname="Scenario: Verify if user can update a booking" time="0"/>
  <testcase name="Then I must get a valid response code 200" classname="Scenario: Verify if user can update a booking" time="0"/>
  <testcase name="Scenario: Verify if user can update a booking" classname="Scenario: Verify if user can update a booking" time="0.064"/>
  <testcase name="When I send delete request" classname="Scenario: Verify if user can delete an existing record" time="0"/>
  <testcase name="Then I should see the response code 201" classname="Scenario: Verify if user can delete an existing record" time="0"/>
  <testcase name="Scenario: Verify if user can delete an existing record" classname="Scenario: Verify if user can delete an existing record" time="0.058"/>
</testsuite>